<?xml version="1.0" encoding="UTF-8"?>
<testng-results skipped="0" failed="0" ignored="0" total="1" passed="1">
  <reporter-output>
  </reporter-output>
  <suite name="Default suite" duration-ms="1373" started-at="2019-06-20T01:24:19Z" finished-at="2019-06-20T01:24:21Z">
    <groups>
    </groups>
    <test name="Default test" duration-ms="1373" started-at="2019-06-20T01:24:19Z" finished-at="2019-06-20T01:24:21Z">
      <class name="com.syntax.lsu.testcases.ExcelUtility">
        <test-method status="PASS" signature="readExcelData()[pri:0, instance:com.syntax.lsu.testcases.ExcelUtility@26be92ad]" name="readExcelData" duration-ms="1351" started-at="2019-06-20T01:24:19Z" finished-at="2019-06-20T01:24:21Z">
          <reporter-output>
          </reporter-output>
        </test-method> <!-- readExcelData -->
      </class> <!-- com.syntax.lsu.testcases.ExcelUtility -->
    </test> <!-- Default test -->
  </suite> <!-- Default suite -->
</testng-results>
